<?xml version="1.0" encoding="UTF-8"?>
<testng-results ignored="0" total="1" passed="1" failed="0" skipped="0">
  <reporter-output>
  </reporter-output>
  <suite started-at="2026-04-23T20:06:39 IST" name="Suite" finished-at="2026-04-23T20:06:39 IST" duration-ms="49">
    <groups>
      <group name="smoke">
        <method signature="PractiseTest.appleTest()[pri:0, instance:demo.PractiseTest@10e31a9a]" name="appleTest" class="demo.PractiseTest"/>
      </group> <!-- smoke -->
    </groups>
    <test started-at="2026-04-23T20:06:39 IST" name="Test" finished-at="2026-04-23T20:06:39 IST" duration-ms="49">
      <class name="demo.PractiseTest">
        <test-method signature="appleTest()[pri:0, instance:demo.PractiseTest@10e31a9a]" started-at="2026-04-23T20:06:39 IST" name="appleTest" finished-at="2026-04-23T20:06:39 IST" duration-ms="7" status="PASS">
          <reporter-output>
          </reporter-output>
        </test-method> <!-- appleTest -->
      </class> <!-- demo.PractiseTest -->
    </test> <!-- Test -->
  </suite> <!-- Suite -->
</testng-results>
